
2025/02/10 (13:46:52) | ===> btop++ v.1.4.0
2025/02/10 (13:46:52) | INFO: Logger set to DEBUG
2025/02/10 (13:46:52) | DEBUG: Using locale en_US.UTF-8
2025/02/10 (13:46:52) | INFO: Running on /dev/pts/4
2025/02/10 (13:46:53) | INFO: Failed to load libnvidia-ml.so, NVIDIA GPUs will not be detected: libnvidia-ml.so.1: cannot open shared object file: No such file or directory
2025/02/10 (13:46:53) | INFO: Failed to load librocm_smi64.so, AMD GPUs will not be detected: librocm_smi64.so.6: cannot open shared object file: No such file or directory
2025/02/10 (13:46:53) | DEBUG: Failed to find Intel GPU sysfs path, Intel GPUs will not be detected
2025/02/10 (13:46:53) | DEBUG: Shared::init() : Initialized.
2025/02/10 (13:46:53) | DEBUG: Loading theme file: /home/nadeshiko/.config/btop/themes/custom.theme
2025/02/10 (13:48:55) | DEBUG: Writing new config file
2025/02/10 (13:48:55) | INFO: Quitting! Runtime: 00:02:03

2025/02/10 (13:48:56) | ===> btop++ v.1.4.0
2025/02/10 (13:48:56) | INFO: Logger set to DEBUG
2025/02/10 (13:48:56) | DEBUG: Using locale en_US.UTF-8
2025/02/10 (13:48:56) | INFO: Running on /dev/pts/4
2025/02/10 (13:48:56) | INFO: Failed to load libnvidia-ml.so, NVIDIA GPUs will not be detected: libnvidia-ml.so.1: cannot open shared object file: No such file or directory
2025/02/10 (13:48:56) | INFO: Failed to load librocm_smi64.so, AMD GPUs will not be detected: librocm_smi64.so.6: cannot open shared object file: No such file or directory
2025/02/10 (13:48:56) | DEBUG: Failed to find Intel GPU sysfs path, Intel GPUs will not be detected
2025/02/10 (13:48:56) | DEBUG: Shared::init() : Initialized.
2025/02/10 (13:48:56) | DEBUG: Loading theme file: /home/nadeshiko/.config/btop/themes/custom.theme
2025/02/10 (13:49:56) | WARNING: Failed to join _runner thread on exit!
2025/02/10 (13:49:56) | INFO: Quitting! Runtime: 00:01:00

2025/02/10 (13:49:57) | ===> btop++ v.1.4.0
2025/02/10 (13:49:57) | INFO: Logger set to DEBUG
2025/02/10 (13:49:57) | DEBUG: Using locale en_US.UTF-8
2025/02/10 (13:49:57) | INFO: Running on /dev/pts/4
2025/02/10 (13:49:57) | INFO: Failed to load libnvidia-ml.so, NVIDIA GPUs will not be detected: libnvidia-ml.so.1: cannot open shared object file: No such file or directory
2025/02/10 (13:49:57) | INFO: Failed to load librocm_smi64.so, AMD GPUs will not be detected: librocm_smi64.so.6: cannot open shared object file: No such file or directory
2025/02/10 (13:49:57) | DEBUG: Failed to find Intel GPU sysfs path, Intel GPUs will not be detected
2025/02/10 (13:49:57) | DEBUG: Shared::init() : Initialized.
2025/02/10 (13:49:57) | DEBUG: Loading theme file: /home/nadeshiko/.config/btop/themes/custom.theme
2025/02/10 (13:50:14) | WARNING: Failed to join _runner thread on exit!
2025/02/10 (13:50:14) | INFO: Quitting! Runtime: 00:00:17

2025/02/10 (13:50:16) | ===> btop++ v.1.4.0
2025/02/10 (13:50:16) | INFO: Logger set to DEBUG
2025/02/10 (13:50:16) | DEBUG: Using locale en_US.UTF-8
2025/02/10 (13:50:16) | INFO: Running on /dev/pts/4
2025/02/10 (13:50:16) | INFO: Failed to load libnvidia-ml.so, NVIDIA GPUs will not be detected: libnvidia-ml.so.1: cannot open shared object file: No such file or directory
2025/02/10 (13:50:16) | INFO: Failed to load librocm_smi64.so, AMD GPUs will not be detected: librocm_smi64.so.6: cannot open shared object file: No such file or directory
2025/02/10 (13:50:16) | DEBUG: Failed to find Intel GPU sysfs path, Intel GPUs will not be detected
2025/02/10 (13:50:16) | DEBUG: Shared::init() : Initialized.
2025/02/10 (13:50:16) | DEBUG: Loading theme file: /home/nadeshiko/.config/btop/themes/custom.theme
2025/02/10 (13:50:59) | WARNING: Failed to join _runner thread on exit!
2025/02/10 (13:50:59) | INFO: Quitting! Runtime: 00:00:43

2025/02/10 (13:51:00) | ===> btop++ v.1.4.0
2025/02/10 (13:51:00) | INFO: Logger set to DEBUG
2025/02/10 (13:51:00) | DEBUG: Using locale en_US.UTF-8
2025/02/10 (13:51:00) | INFO: Running on /dev/pts/4
2025/02/10 (13:51:00) | INFO: Failed to load libnvidia-ml.so, NVIDIA GPUs will not be detected: libnvidia-ml.so.1: cannot open shared object file: No such file or directory
2025/02/10 (13:51:00) | INFO: Failed to load librocm_smi64.so, AMD GPUs will not be detected: librocm_smi64.so.6: cannot open shared object file: No such file or directory
2025/02/10 (13:51:00) | DEBUG: Failed to find Intel GPU sysfs path, Intel GPUs will not be detected
2025/02/10 (13:51:00) | DEBUG: Shared::init() : Initialized.
2025/02/10 (13:51:00) | DEBUG: Loading theme file: /home/nadeshiko/.config/btop/themes/custom.theme
2025/02/10 (13:52:08) | WARNING: Failed to join _runner thread on exit!
2025/02/10 (13:52:08) | INFO: Quitting! Runtime: 00:01:08

2025/02/10 (13:52:09) | ===> btop++ v.1.4.0
2025/02/10 (13:52:09) | INFO: Logger set to DEBUG
2025/02/10 (13:52:09) | DEBUG: Using locale en_US.UTF-8
2025/02/10 (13:52:09) | INFO: Running on /dev/pts/4
2025/02/10 (13:52:09) | INFO: Failed to load libnvidia-ml.so, NVIDIA GPUs will not be detected: libnvidia-ml.so.1: cannot open shared object file: No such file or directory
2025/02/10 (13:52:09) | INFO: Failed to load librocm_smi64.so, AMD GPUs will not be detected: librocm_smi64.so.6: cannot open shared object file: No such file or directory
2025/02/10 (13:52:09) | DEBUG: Failed to find Intel GPU sysfs path, Intel GPUs will not be detected
2025/02/10 (13:52:09) | DEBUG: Shared::init() : Initialized.
2025/02/10 (13:52:09) | DEBUG: Loading theme file: /home/nadeshiko/.config/btop/themes/custom.theme
2025/02/10 (13:53:30) | WARNING: Failed to join _runner thread on exit!
2025/02/10 (13:53:30) | INFO: Quitting! Runtime: 00:01:21

2025/02/10 (13:53:31) | ===> btop++ v.1.4.0
2025/02/10 (13:53:31) | INFO: Logger set to DEBUG
2025/02/10 (13:53:31) | DEBUG: Using locale en_US.UTF-8
2025/02/10 (13:53:31) | INFO: Running on /dev/pts/4
2025/02/10 (13:53:31) | INFO: Failed to load libnvidia-ml.so, NVIDIA GPUs will not be detected: libnvidia-ml.so.1: cannot open shared object file: No such file or directory
2025/02/10 (13:53:31) | INFO: Failed to load librocm_smi64.so, AMD GPUs will not be detected: librocm_smi64.so.6: cannot open shared object file: No such file or directory
2025/02/10 (13:53:31) | DEBUG: Failed to find Intel GPU sysfs path, Intel GPUs will not be detected
2025/02/10 (13:53:31) | DEBUG: Shared::init() : Initialized.
2025/02/10 (13:53:31) | DEBUG: Loading theme file: /home/nadeshiko/.config/btop/themes/custom.theme
2025/02/10 (13:54:19) | WARNING: Failed to join _runner thread on exit!
2025/02/10 (13:54:19) | INFO: Quitting! Runtime: 00:00:48

2025/02/10 (13:54:20) | ===> btop++ v.1.4.0
2025/02/10 (13:54:20) | INFO: Logger set to DEBUG
2025/02/10 (13:54:20) | DEBUG: Using locale en_US.UTF-8
2025/02/10 (13:54:20) | INFO: Running on /dev/pts/4
2025/02/10 (13:54:20) | INFO: Failed to load libnvidia-ml.so, NVIDIA GPUs will not be detected: libnvidia-ml.so.1: cannot open shared object file: No such file or directory
2025/02/10 (13:54:20) | INFO: Failed to load librocm_smi64.so, AMD GPUs will not be detected: librocm_smi64.so.6: cannot open shared object file: No such file or directory
2025/02/10 (13:54:20) | DEBUG: Failed to find Intel GPU sysfs path, Intel GPUs will not be detected
2025/02/10 (13:54:20) | DEBUG: Shared::init() : Initialized.
2025/02/10 (13:54:20) | DEBUG: Loading theme file: /home/nadeshiko/.config/btop/themes/custom.theme
2025/02/10 (13:54:54) | WARNING: Failed to join _runner thread on exit!
2025/02/10 (13:54:54) | INFO: Quitting! Runtime: 00:00:34

2025/02/10 (13:54:56) | ===> btop++ v.1.4.0
2025/02/10 (13:54:56) | INFO: Logger set to DEBUG
2025/02/10 (13:54:56) | DEBUG: Using locale en_US.UTF-8
2025/02/10 (13:54:56) | INFO: Running on /dev/pts/4
2025/02/10 (13:54:56) | INFO: Failed to load libnvidia-ml.so, NVIDIA GPUs will not be detected: libnvidia-ml.so.1: cannot open shared object file: No such file or directory
2025/02/10 (13:54:56) | INFO: Failed to load librocm_smi64.so, AMD GPUs will not be detected: librocm_smi64.so.6: cannot open shared object file: No such file or directory
2025/02/10 (13:54:56) | DEBUG: Failed to find Intel GPU sysfs path, Intel GPUs will not be detected
2025/02/10 (13:54:56) | DEBUG: Shared::init() : Initialized.
2025/02/10 (13:54:56) | DEBUG: Loading theme file: /home/nadeshiko/.config/btop/themes/custom.theme
2025/02/10 (13:56:10) | WARNING: Failed to join _runner thread on exit!
2025/02/10 (13:56:10) | INFO: Quitting! Runtime: 00:01:14

2025/02/10 (13:56:11) | ===> btop++ v.1.4.0
2025/02/10 (13:56:11) | INFO: Logger set to DEBUG
2025/02/10 (13:56:11) | DEBUG: Using locale en_US.UTF-8
2025/02/10 (13:56:11) | INFO: Running on /dev/pts/4
2025/02/10 (13:56:12) | INFO: Failed to load libnvidia-ml.so, NVIDIA GPUs will not be detected: libnvidia-ml.so.1: cannot open shared object file: No such file or directory
2025/02/10 (13:56:12) | INFO: Failed to load librocm_smi64.so, AMD GPUs will not be detected: librocm_smi64.so.6: cannot open shared object file: No such file or directory
2025/02/10 (13:56:12) | DEBUG: Failed to find Intel GPU sysfs path, Intel GPUs will not be detected
2025/02/10 (13:56:12) | DEBUG: Shared::init() : Initialized.
2025/02/10 (13:56:12) | DEBUG: Loading theme file: /home/nadeshiko/.config/btop/themes/custom.theme
2025/02/10 (13:56:45) | WARNING: Failed to join _runner thread on exit!
2025/02/10 (13:56:45) | INFO: Quitting! Runtime: 00:00:34

2025/02/10 (13:56:46) | ===> btop++ v.1.4.0
2025/02/10 (13:56:46) | INFO: Logger set to DEBUG
2025/02/10 (13:56:46) | DEBUG: Using locale en_US.UTF-8
2025/02/10 (13:56:46) | INFO: Running on /dev/pts/4
2025/02/10 (13:56:46) | INFO: Failed to load libnvidia-ml.so, NVIDIA GPUs will not be detected: libnvidia-ml.so.1: cannot open shared object file: No such file or directory
2025/02/10 (13:56:46) | INFO: Failed to load librocm_smi64.so, AMD GPUs will not be detected: librocm_smi64.so.6: cannot open shared object file: No such file or directory
2025/02/10 (13:56:46) | DEBUG: Failed to find Intel GPU sysfs path, Intel GPUs will not be detected
2025/02/10 (13:56:46) | DEBUG: Shared::init() : Initialized.
2025/02/10 (13:56:46) | DEBUG: Loading theme file: /home/nadeshiko/.config/btop/themes/custom.theme
2025/02/10 (13:57:18) | WARNING: Failed to join _runner thread on exit!
2025/02/10 (13:57:18) | INFO: Quitting! Runtime: 00:00:32

2025/02/10 (13:57:19) | ===> btop++ v.1.4.0
2025/02/10 (13:57:19) | INFO: Logger set to DEBUG
2025/02/10 (13:57:19) | DEBUG: Using locale en_US.UTF-8
2025/02/10 (13:57:19) | INFO: Running on /dev/pts/4
2025/02/10 (13:57:19) | INFO: Failed to load libnvidia-ml.so, NVIDIA GPUs will not be detected: libnvidia-ml.so.1: cannot open shared object file: No such file or directory
2025/02/10 (13:57:19) | INFO: Failed to load librocm_smi64.so, AMD GPUs will not be detected: librocm_smi64.so.6: cannot open shared object file: No such file or directory
2025/02/10 (13:57:19) | DEBUG: Failed to find Intel GPU sysfs path, Intel GPUs will not be detected
2025/02/10 (13:57:19) | DEBUG: Shared::init() : Initialized.
2025/02/10 (13:57:19) | DEBUG: Loading theme file: /home/nadeshiko/.config/btop/themes/custom.theme
2025/02/10 (13:58:50) | WARNING: Failed to join _runner thread on exit!
2025/02/10 (13:58:50) | DEBUG: Writing new config file
2025/02/10 (13:58:50) | INFO: Quitting! Runtime: 00:01:31

2025/02/10 (13:58:51) | ===> btop++ v.1.4.0
2025/02/10 (13:58:51) | INFO: Logger set to DEBUG
2025/02/10 (13:58:51) | DEBUG: Using locale en_US.UTF-8
2025/02/10 (13:58:51) | INFO: Running on /dev/pts/4
2025/02/10 (13:58:51) | INFO: Failed to load libnvidia-ml.so, NVIDIA GPUs will not be detected: libnvidia-ml.so.1: cannot open shared object file: No such file or directory
2025/02/10 (13:58:51) | INFO: Failed to load librocm_smi64.so, AMD GPUs will not be detected: librocm_smi64.so.6: cannot open shared object file: No such file or directory
2025/02/10 (13:58:51) | DEBUG: Failed to find Intel GPU sysfs path, Intel GPUs will not be detected
2025/02/10 (13:58:51) | DEBUG: Shared::init() : Initialized.
2025/02/10 (13:58:51) | DEBUG: Loading theme file: /home/nadeshiko/.config/btop/themes/custom.theme
2025/02/10 (13:59:52) | WARNING: Failed to join _runner thread on exit!
2025/02/10 (13:59:52) | INFO: Quitting! Runtime: 00:01:01

2025/02/10 (13:59:53) | ===> btop++ v.1.4.0
2025/02/10 (13:59:53) | INFO: Logger set to DEBUG
2025/02/10 (13:59:53) | DEBUG: Using locale en_US.UTF-8
2025/02/10 (13:59:53) | INFO: Running on /dev/pts/4
2025/02/10 (13:59:53) | INFO: Failed to load libnvidia-ml.so, NVIDIA GPUs will not be detected: libnvidia-ml.so.1: cannot open shared object file: No such file or directory
2025/02/10 (13:59:53) | INFO: Failed to load librocm_smi64.so, AMD GPUs will not be detected: librocm_smi64.so.6: cannot open shared object file: No such file or directory
2025/02/10 (13:59:53) | DEBUG: Failed to find Intel GPU sysfs path, Intel GPUs will not be detected
2025/02/10 (13:59:53) | DEBUG: Shared::init() : Initialized.
2025/02/10 (13:59:53) | DEBUG: Loading theme file: /home/nadeshiko/.config/btop/themes/custom.theme
2025/02/10 (13:59:53) | ERROR: Invalid size of hex value: 9eca
2025/02/10 (14:02:14) | WARNING: Failed to join _runner thread on exit!
2025/02/10 (14:02:14) | INFO: Quitting! Runtime: 00:02:21

2025/02/10 (14:02:15) | ===> btop++ v.1.4.0
2025/02/10 (14:02:15) | INFO: Logger set to DEBUG
2025/02/10 (14:02:15) | DEBUG: Using locale en_US.UTF-8
2025/02/10 (14:02:15) | INFO: Running on /dev/pts/4
2025/02/10 (14:02:15) | INFO: Failed to load libnvidia-ml.so, NVIDIA GPUs will not be detected: libnvidia-ml.so.1: cannot open shared object file: No such file or directory
2025/02/10 (14:02:15) | INFO: Failed to load librocm_smi64.so, AMD GPUs will not be detected: librocm_smi64.so.6: cannot open shared object file: No such file or directory
2025/02/10 (14:02:15) | DEBUG: Failed to find Intel GPU sysfs path, Intel GPUs will not be detected
2025/02/10 (14:02:15) | DEBUG: Shared::init() : Initialized.
2025/02/10 (14:02:15) | DEBUG: Loading theme file: /home/nadeshiko/.config/btop/themes/custom.theme

2025/02/10 (16:05:43) | ===> btop++ v.1.4.0
2025/02/10 (16:05:43) | INFO: Logger set to DEBUG
2025/02/10 (16:05:43) | DEBUG: Using locale en_US.UTF-8
2025/02/10 (16:05:43) | INFO: Running on /dev/pts/1
2025/02/10 (16:05:43) | INFO: Failed to load libnvidia-ml.so, NVIDIA GPUs will not be detected: libnvidia-ml.so.1: cannot open shared object file: No such file or directory
2025/02/10 (16:05:43) | INFO: Failed to load librocm_smi64.so, AMD GPUs will not be detected: librocm_smi64.so.6: cannot open shared object file: No such file or directory
2025/02/10 (16:05:43) | DEBUG: Failed to find Intel GPU sysfs path, Intel GPUs will not be detected
2025/02/10 (16:05:43) | DEBUG: Shared::init() : Initialized.
2025/02/10 (16:05:43) | DEBUG: Loading theme file: /home/nadeshiko/.config/btop/themes/custom.theme
2025/02/10 (16:07:57) | INFO: Quitting! Runtime: 00:02:14

2025/02/10 (22:21:24) | ===> btop++ v.1.4.0
2025/02/10 (22:21:24) | INFO: Logger set to DEBUG
2025/02/10 (22:21:24) | DEBUG: Using locale en_US.UTF-8
2025/02/10 (22:21:24) | INFO: Running on /dev/pts/2
2025/02/10 (22:21:24) | INFO: Failed to load libnvidia-ml.so, NVIDIA GPUs will not be detected: libnvidia-ml.so.1: cannot open shared object file: No such file or directory
2025/02/10 (22:21:24) | INFO: Failed to load librocm_smi64.so, AMD GPUs will not be detected: librocm_smi64.so.6: cannot open shared object file: No such file or directory
2025/02/10 (22:21:24) | DEBUG: Failed to find Intel GPU sysfs path, Intel GPUs will not be detected
2025/02/10 (22:21:24) | DEBUG: Shared::init() : Initialized.
2025/02/10 (22:21:24) | DEBUG: Loading theme file: /home/nadeshiko/.config/btop/themes/custom.theme

2025/02/12 (13:30:05) | ===> btop++ v.1.4.0
2025/02/12 (13:30:05) | INFO: Logger set to DEBUG
2025/02/12 (13:30:05) | DEBUG: Using locale en_US.UTF-8
2025/02/12 (13:30:05) | INFO: Running on /dev/pts/1
2025/02/12 (13:30:05) | INFO: Failed to load libnvidia-ml.so, NVIDIA GPUs will not be detected: libnvidia-ml.so.1: cannot open shared object file: No such file or directory
2025/02/12 (13:30:05) | INFO: Failed to load librocm_smi64.so, AMD GPUs will not be detected: librocm_smi64.so.6: cannot open shared object file: No such file or directory
2025/02/12 (13:30:05) | DEBUG: Failed to find Intel GPU sysfs path, Intel GPUs will not be detected
2025/02/12 (13:30:05) | DEBUG: Shared::init() : Initialized.
2025/02/12 (13:30:05) | DEBUG: Loading theme file: /home/nadeshiko/.config/btop/themes/custom.theme
2025/02/12 (13:31:50) | INFO: Quitting! Runtime: 00:01:45

2025/02/14 (18:49:24) | ===> btop++ v.1.4.0
2025/02/14 (18:49:24) | INFO: Logger set to DEBUG
2025/02/14 (18:49:24) | DEBUG: Using locale en_US.UTF-8
2025/02/14 (18:49:24) | INFO: Running on /dev/pts/0
2025/02/14 (18:49:24) | INFO: Failed to load libnvidia-ml.so, NVIDIA GPUs will not be detected: libnvidia-ml.so.1: cannot open shared object file: No such file or directory
2025/02/14 (18:49:24) | INFO: Failed to load librocm_smi64.so, AMD GPUs will not be detected: librocm_smi64.so.6: cannot open shared object file: No such file or directory
2025/02/14 (18:49:24) | DEBUG: Failed to find Intel GPU sysfs path, Intel GPUs will not be detected
2025/02/14 (18:49:24) | DEBUG: Shared::init() : Initialized.
2025/02/14 (18:49:24) | DEBUG: Loading theme file: /home/nadeshiko/.config/btop/themes/custom.theme

2025/02/14 (20:53:33) | ===> btop++ v.1.4.0
2025/02/14 (20:53:33) | INFO: Logger set to DEBUG
2025/02/14 (20:53:33) | DEBUG: Using locale en_US.UTF-8
2025/02/14 (20:53:33) | INFO: Running on /dev/pts/2
2025/02/14 (20:53:33) | INFO: Failed to load libnvidia-ml.so, NVIDIA GPUs will not be detected: libnvidia-ml.so.1: cannot open shared object file: No such file or directory
2025/02/14 (20:53:33) | INFO: Failed to load librocm_smi64.so, AMD GPUs will not be detected: librocm_smi64.so.6: cannot open shared object file: No such file or directory
2025/02/14 (20:53:33) | DEBUG: Failed to find Intel GPU sysfs path, Intel GPUs will not be detected
2025/02/14 (20:53:33) | DEBUG: Shared::init() : Initialized.
2025/02/14 (20:53:33) | DEBUG: Loading theme file: /home/nadeshiko/.config/btop/themes/custom.theme

2025/02/16 (14:11:10) | ===> btop++ v.1.4.0
2025/02/16 (14:11:10) | INFO: Logger set to DEBUG
2025/02/16 (14:11:10) | DEBUG: Using locale en_US.UTF-8
2025/02/16 (14:11:10) | INFO: Running on /dev/pts/0
2025/02/16 (14:11:10) | INFO: Failed to load libnvidia-ml.so, NVIDIA GPUs will not be detected: libnvidia-ml.so.1: cannot open shared object file: No such file or directory
2025/02/16 (14:11:10) | INFO: Failed to load librocm_smi64.so, AMD GPUs will not be detected: librocm_smi64.so.6: cannot open shared object file: No such file or directory
2025/02/16 (14:11:10) | DEBUG: Failed to find Intel GPU sysfs path, Intel GPUs will not be detected
2025/02/16 (14:11:10) | DEBUG: Shared::init() : Initialized.
2025/02/16 (14:11:10) | DEBUG: Loading theme file: /home/nadeshiko/.config/btop/themes/custom.theme

2025/02/17 (14:03:27) | ===> btop++ v.1.4.0
2025/02/17 (14:03:27) | INFO: Logger set to DEBUG
2025/02/17 (14:03:27) | DEBUG: Using locale en_US.UTF-8
2025/02/17 (14:03:27) | INFO: Running on /dev/pts/3
2025/02/17 (14:03:27) | INFO: Failed to load libnvidia-ml.so, NVIDIA GPUs will not be detected: libnvidia-ml.so.1: cannot open shared object file: No such file or directory
2025/02/17 (14:03:27) | INFO: Failed to load librocm_smi64.so, AMD GPUs will not be detected: librocm_smi64.so.6: cannot open shared object file: No such file or directory
2025/02/17 (14:03:27) | DEBUG: Failed to find Intel GPU sysfs path, Intel GPUs will not be detected
2025/02/17 (14:03:27) | DEBUG: Shared::init() : Initialized.
2025/02/17 (14:03:27) | DEBUG: Loading theme file: /home/nadeshiko/.config/btop/themes/custom.theme

2025/02/17 (15:06:46) | ===> btop++ v.1.4.0
2025/02/17 (15:06:46) | INFO: Logger set to DEBUG
2025/02/17 (15:06:46) | DEBUG: Using locale en_US.UTF-8
2025/02/17 (15:06:46) | INFO: Running on /dev/pts/1
2025/02/17 (15:06:46) | INFO: Failed to load libnvidia-ml.so, NVIDIA GPUs will not be detected: libnvidia-ml.so.1: cannot open shared object file: No such file or directory
2025/02/17 (15:06:46) | INFO: Failed to load librocm_smi64.so, AMD GPUs will not be detected: librocm_smi64.so.6: cannot open shared object file: No such file or directory
2025/02/17 (15:06:46) | DEBUG: Failed to find Intel GPU sysfs path, Intel GPUs will not be detected
2025/02/17 (15:06:46) | DEBUG: Shared::init() : Initialized.
2025/02/17 (15:06:46) | DEBUG: Loading theme file: /home/nadeshiko/.config/btop/themes/custom.theme

2025/02/19 (03:35:49) | ===> btop++ v.1.4.0
2025/02/19 (03:35:49) | INFO: Logger set to DEBUG
2025/02/19 (03:35:49) | DEBUG: Using locale en_US.UTF-8
2025/02/19 (03:35:49) | INFO: Running on /dev/pts/2
2025/02/19 (03:35:49) | INFO: Failed to load libnvidia-ml.so, NVIDIA GPUs will not be detected: libnvidia-ml.so.1: cannot open shared object file: No such file or directory
2025/02/19 (03:35:49) | INFO: Failed to load librocm_smi64.so, AMD GPUs will not be detected: librocm_smi64.so.6: cannot open shared object file: No such file or directory
2025/02/19 (03:35:49) | DEBUG: Failed to find Intel GPU sysfs path, Intel GPUs will not be detected
2025/02/19 (03:35:49) | DEBUG: Shared::init() : Initialized.
2025/02/19 (03:35:49) | DEBUG: Loading theme file: /home/nadeshiko/.config/btop/themes/custom.theme

2025/02/21 (18:09:48) | ===> btop++ v.1.4.0
2025/02/21 (18:09:48) | INFO: Logger set to DEBUG
2025/02/21 (18:09:48) | DEBUG: Using locale en_US.UTF-8
2025/02/21 (18:09:48) | INFO: Running on /dev/pts/0
2025/02/21 (18:09:48) | INFO: Failed to load libnvidia-ml.so, NVIDIA GPUs will not be detected: libnvidia-ml.so.1: cannot open shared object file: No such file or directory
2025/02/21 (18:09:48) | INFO: Failed to load librocm_smi64.so, AMD GPUs will not be detected: librocm_smi64.so.6: cannot open shared object file: No such file or directory
2025/02/21 (18:09:48) | DEBUG: Failed to find Intel GPU sysfs path, Intel GPUs will not be detected
2025/02/21 (18:09:48) | DEBUG: Shared::init() : Initialized.
2025/02/21 (18:09:48) | DEBUG: Loading theme file: /home/nadeshiko/.config/btop/themes/custom.theme

2025/02/21 (18:10:50) | ===> btop++ v.1.4.0
2025/02/21 (18:10:50) | INFO: Logger set to DEBUG
2025/02/21 (18:10:50) | DEBUG: Using locale en_US.UTF-8
2025/02/21 (18:10:50) | INFO: Running on /dev/pts/2
2025/02/21 (18:10:51) | INFO: Failed to load libnvidia-ml.so, NVIDIA GPUs will not be detected: libnvidia-ml.so.1: cannot open shared object file: No such file or directory
2025/02/21 (18:10:51) | INFO: Failed to load librocm_smi64.so, AMD GPUs will not be detected: librocm_smi64.so.6: cannot open shared object file: No such file or directory
2025/02/21 (18:10:51) | DEBUG: Failed to find Intel GPU sysfs path, Intel GPUs will not be detected
2025/02/21 (18:10:51) | DEBUG: Shared::init() : Initialized.
2025/02/21 (18:10:51) | DEBUG: Loading theme file: /home/nadeshiko/.config/btop/themes/custom.theme

2025/02/21 (23:11:44) | ===> btop++ v.1.4.0
2025/02/21 (23:11:44) | INFO: Logger set to DEBUG
2025/02/21 (23:11:44) | DEBUG: Using locale en_US.UTF-8
2025/02/21 (23:11:44) | INFO: Running on /dev/pts/2
2025/02/21 (23:11:44) | INFO: Failed to load libnvidia-ml.so, NVIDIA GPUs will not be detected: libnvidia-ml.so.1: cannot open shared object file: No such file or directory
2025/02/21 (23:11:44) | INFO: Failed to load librocm_smi64.so, AMD GPUs will not be detected: librocm_smi64.so.6: cannot open shared object file: No such file or directory
2025/02/21 (23:11:44) | DEBUG: Failed to find Intel GPU sysfs path, Intel GPUs will not be detected
2025/02/21 (23:11:44) | DEBUG: Shared::init() : Initialized.
2025/02/21 (23:11:44) | DEBUG: Loading theme file: /home/nadeshiko/.config/btop/themes/custom.theme

2025/02/22 (22:48:05) | ===> btop++ v.1.4.0
2025/02/22 (22:48:05) | INFO: Logger set to DEBUG
2025/02/22 (22:48:05) | DEBUG: Using locale en_US.UTF-8
2025/02/22 (22:48:05) | INFO: Running on /dev/pts/0
2025/02/22 (22:48:05) | INFO: Failed to load libnvidia-ml.so, NVIDIA GPUs will not be detected: libnvidia-ml.so.1: cannot open shared object file: No such file or directory
2025/02/22 (22:48:05) | INFO: Failed to load librocm_smi64.so, AMD GPUs will not be detected: librocm_smi64.so.6: cannot open shared object file: No such file or directory
2025/02/22 (22:48:05) | DEBUG: Failed to find Intel GPU sysfs path, Intel GPUs will not be detected
2025/02/22 (22:48:05) | DEBUG: Shared::init() : Initialized.
2025/02/22 (22:48:05) | DEBUG: Loading theme file: /home/nadeshiko/.config/btop/themes/custom.theme

2025/02/28 (08:24:01) | ===> btop++ v.1.4.0
2025/02/28 (08:24:01) | INFO: Logger set to DEBUG
2025/02/28 (08:24:01) | DEBUG: Using locale en_US.UTF-8
2025/02/28 (08:24:01) | INFO: Running on /dev/pts/1
2025/02/28 (08:24:02) | INFO: Failed to load libnvidia-ml.so, NVIDIA GPUs will not be detected: libnvidia-ml.so.1: cannot open shared object file: No such file or directory
2025/02/28 (08:24:02) | INFO: Failed to load librocm_smi64.so, AMD GPUs will not be detected: librocm_smi64.so.6: cannot open shared object file: No such file or directory
2025/02/28 (08:24:02) | DEBUG: Failed to find Intel GPU sysfs path, Intel GPUs will not be detected
2025/02/28 (08:24:02) | DEBUG: Shared::init() : Initialized.
2025/02/28 (08:24:02) | DEBUG: Loading theme file: /home/nadeshiko/.config/btop/themes/custom.theme

2025/02/28 (14:57:37) | ===> btop++ v.1.4.0
2025/02/28 (14:57:37) | INFO: Logger set to DEBUG
2025/02/28 (14:57:37) | DEBUG: Using locale en_US.UTF-8
2025/02/28 (14:57:37) | INFO: Running on /dev/pts/2
2025/02/28 (14:57:37) | INFO: Failed to load libnvidia-ml.so, NVIDIA GPUs will not be detected: libnvidia-ml.so.1: cannot open shared object file: No such file or directory
2025/02/28 (14:57:37) | INFO: Failed to load librocm_smi64.so, AMD GPUs will not be detected: librocm_smi64.so.6: cannot open shared object file: No such file or directory
2025/02/28 (14:57:37) | DEBUG: Failed to find Intel GPU sysfs path, Intel GPUs will not be detected
2025/02/28 (14:57:37) | DEBUG: Shared::init() : Initialized.
2025/02/28 (14:57:37) | DEBUG: Loading theme file: /home/nadeshiko/.config/btop/themes/custom.theme

2025/02/28 (14:59:10) | ===> btop++ v.1.4.0
2025/02/28 (14:59:10) | INFO: Logger set to DEBUG
2025/02/28 (14:59:10) | DEBUG: Using locale en_US.UTF-8
2025/02/28 (14:59:10) | INFO: Running on /dev/pts/0
2025/02/28 (14:59:11) | INFO: Failed to load libnvidia-ml.so, NVIDIA GPUs will not be detected: libnvidia-ml.so.1: cannot open shared object file: No such file or directory
2025/02/28 (14:59:11) | INFO: Failed to load librocm_smi64.so, AMD GPUs will not be detected: librocm_smi64.so.6: cannot open shared object file: No such file or directory
2025/02/28 (14:59:11) | DEBUG: Failed to find Intel GPU sysfs path, Intel GPUs will not be detected
2025/02/28 (14:59:11) | DEBUG: Shared::init() : Initialized.
2025/02/28 (14:59:11) | DEBUG: Loading theme file: /home/nadeshiko/.config/btop/themes/custom.theme

2025/03/14 (02:02:59) | ===> btop++ v.1.4.0
2025/03/14 (02:02:59) | INFO: Logger set to DEBUG
2025/03/14 (02:02:59) | DEBUG: Using locale en_US.UTF-8
2025/03/14 (02:02:59) | INFO: Running on /dev/pts/0
2025/03/14 (02:02:59) | INFO: Failed to load libnvidia-ml.so, NVIDIA GPUs will not be detected: libnvidia-ml.so.1: cannot open shared object file: No such file or directory
2025/03/14 (02:02:59) | INFO: Failed to load librocm_smi64.so, AMD GPUs will not be detected: librocm_smi64.so.6: cannot open shared object file: No such file or directory
2025/03/14 (02:02:59) | DEBUG: Failed to find Intel GPU sysfs path, Intel GPUs will not be detected
2025/03/14 (02:02:59) | DEBUG: Shared::init() : Initialized.
2025/03/14 (02:02:59) | DEBUG: Loading theme file: /home/nadeshiko/.config/btop/themes/custom.theme
2025/03/14 (02:03:03) | INFO: Quitting! Runtime: 00:00:04

2025/03/14 (02:03:06) | ===> btop++ v.1.4.0
2025/03/14 (02:03:06) | INFO: Logger set to DEBUG
2025/03/14 (02:03:06) | DEBUG: Using locale en_US.UTF-8
2025/03/14 (02:03:06) | INFO: Running on /dev/pts/0
2025/03/14 (02:03:06) | INFO: Failed to load libnvidia-ml.so, NVIDIA GPUs will not be detected: libnvidia-ml.so.1: cannot open shared object file: No such file or directory
2025/03/14 (02:03:06) | INFO: Failed to load librocm_smi64.so, AMD GPUs will not be detected: librocm_smi64.so.6: cannot open shared object file: No such file or directory
2025/03/14 (02:03:06) | DEBUG: Failed to find Intel GPU sysfs path, Intel GPUs will not be detected
2025/03/14 (02:03:06) | DEBUG: Shared::init() : Initialized.
2025/03/14 (02:03:06) | DEBUG: Loading theme file: /home/nadeshiko/.config/btop/themes/custom.theme

2025/03/14 (13:37:52) | ===> btop++ v.1.4.0
2025/03/14 (13:37:52) | INFO: Logger set to DEBUG
2025/03/14 (13:37:52) | DEBUG: Using locale en_US.UTF-8
2025/03/14 (13:37:52) | INFO: Running on /dev/pts/2
2025/03/14 (13:37:52) | INFO: Failed to load libnvidia-ml.so, NVIDIA GPUs will not be detected: libnvidia-ml.so.1: cannot open shared object file: No such file or directory
2025/03/14 (13:37:52) | INFO: Failed to load librocm_smi64.so, AMD GPUs will not be detected: librocm_smi64.so.6: cannot open shared object file: No such file or directory
2025/03/14 (13:37:52) | DEBUG: Failed to find Intel GPU sysfs path, Intel GPUs will not be detected
2025/03/14 (13:37:52) | DEBUG: Shared::init() : Initialized.
2025/03/14 (13:37:52) | DEBUG: Loading theme file: /home/nadeshiko/.config/btop/themes/custom.theme

2025/03/19 (21:11:31) | ===> btop++ v.1.4.0
2025/03/19 (21:11:31) | INFO: Logger set to DEBUG
2025/03/19 (21:11:31) | DEBUG: Using locale en_US.UTF-8
2025/03/19 (21:11:31) | INFO: Running on /dev/pts/2
2025/03/19 (21:11:31) | INFO: Failed to load libnvidia-ml.so, NVIDIA GPUs will not be detected: libnvidia-ml.so.1: cannot open shared object file: No such file or directory
2025/03/19 (21:11:31) | INFO: Failed to load librocm_smi64.so, AMD GPUs will not be detected: librocm_smi64.so.6: cannot open shared object file: No such file or directory
2025/03/19 (21:11:31) | DEBUG: Failed to find Intel GPU sysfs path, Intel GPUs will not be detected
2025/03/19 (21:11:31) | DEBUG: Shared::init() : Initialized.
2025/03/19 (21:11:31) | DEBUG: Loading theme file: /home/nadeshiko/.config/btop/themes/custom.theme

2025/03/26 (15:02:11) | ===> btop++ v.1.4.0
2025/03/26 (15:02:11) | INFO: Logger set to DEBUG
2025/03/26 (15:02:11) | DEBUG: Using locale en_US.UTF-8
2025/03/26 (15:02:11) | INFO: Running on /dev/pts/0
2025/03/26 (15:02:12) | INFO: Failed to load libnvidia-ml.so, NVIDIA GPUs will not be detected: libnvidia-ml.so.1: cannot open shared object file: No such file or directory
2025/03/26 (15:02:12) | INFO: Failed to load librocm_smi64.so, AMD GPUs will not be detected: librocm_smi64.so.6: cannot open shared object file: No such file or directory
2025/03/26 (15:02:12) | DEBUG: Failed to find Intel GPU sysfs path, Intel GPUs will not be detected
2025/03/26 (15:02:12) | DEBUG: Shared::init() : Initialized.
2025/03/26 (15:02:12) | DEBUG: Loading theme file: /home/nadeshiko/.config/btop/themes/custom.theme

2025/03/28 (13:00:55) | ===> btop++ v.1.4.0
2025/03/28 (13:00:55) | INFO: Logger set to DEBUG
2025/03/28 (13:00:55) | DEBUG: Using locale en_US.UTF-8
2025/03/28 (13:00:55) | INFO: Running on /dev/pts/1
2025/03/28 (13:00:55) | INFO: Failed to load libnvidia-ml.so, NVIDIA GPUs will not be detected: libnvidia-ml.so.1: cannot open shared object file: No such file or directory
2025/03/28 (13:00:55) | INFO: Failed to load librocm_smi64.so, AMD GPUs will not be detected: librocm_smi64.so.6: cannot open shared object file: No such file or directory
2025/03/28 (13:00:55) | DEBUG: Failed to find Intel GPU sysfs path, Intel GPUs will not be detected
2025/03/28 (13:00:55) | DEBUG: Shared::init() : Initialized.
2025/03/28 (13:00:55) | DEBUG: Loading theme file: /home/nadeshiko/.config/btop/themes/custom.theme

2025/04/04 (14:50:37) | ===> btop++ v.1.4.0
2025/04/04 (14:50:37) | INFO: Logger set to DEBUG
2025/04/04 (14:50:37) | DEBUG: Using locale en_US.UTF-8
2025/04/04 (14:50:37) | INFO: Running on /dev/pts/0
2025/04/04 (14:50:37) | INFO: Failed to load libnvidia-ml.so, NVIDIA GPUs will not be detected: libnvidia-ml.so.1: cannot open shared object file: No such file or directory
2025/04/04 (14:50:37) | INFO: Failed to load librocm_smi64.so, AMD GPUs will not be detected: librocm_smi64.so.6: cannot open shared object file: No such file or directory
2025/04/04 (14:50:37) | DEBUG: Failed to find Intel GPU sysfs path, Intel GPUs will not be detected
2025/04/04 (14:50:37) | DEBUG: Shared::init() : Initialized.
2025/04/04 (14:50:37) | DEBUG: Loading theme file: /home/nadeshiko/.config/btop/themes/custom.theme
